TN:
SF:src/app.ts
FNF:0
FNH:0
DA:7,1
DA:9,1
DA:10,1
DA:11,1
DA:13,1
DA:14,1
LF:6
LH:6
BRF:0
BRH:0
end_of_record
TN:
SF:src/database.ts
FNF:0
FNH:0
DA:3,2
DA:4,2
LF:2
LH:2
BRF:0
BRH:0
end_of_record
TN:
SF:src/controllers/userController.ts
FN:4,signUp
FN:12,signIn
FNF:2
FNH:2
FNDA:1,signUp
FNDA:1,signIn
DA:5,1
DA:7,1
DA:9,1
DA:13,1
DA:15,1
DA:17,1
DA:20,1
LF:7
LH:7
BRF:0
BRH:0
end_of_record
TN:
SF:src/middlewares/errorHandlerMiddleware.ts
FN:8,errorHandlerMiddleware
FNF:1
FNH:0
FNDA:0,errorHandlerMiddleware
DA:14,0
DA:16,0
DA:17,0
DA:20,0
LF:4
LH:0
BRDA:16,0,0,0
BRF:1
BRH:0
end_of_record
TN:
SF:src/middlewares/validateSchemaMiddleware.ts
FN:4,validateSchemaMiddleware
FN:5,(anonymous_1)
FNF:2
FNH:2
FNDA:2,validateSchemaMiddleware
FNDA:2,(anonymous_1)
DA:5,2
DA:6,2
DA:7,2
DA:8,0
DA:11,2
LF:5
LH:4
BRDA:7,0,0,0
BRF:1
BRH:0
end_of_record
TN:
SF:src/repositories/userRepository.ts
FN:7,findByEmail
FN:14,insert
FNF:2
FNH:2
FNDA:2,findByEmail
FNDA:1,insert
DA:8,2
DA:15,1
DA:20,2
LF:3
LH:3
BRF:0
BRH:0
end_of_record
TN:
SF:src/routers/index.ts
FNF:0
FNH:0
DA:4,1
DA:6,1
LF:2
LH:2
BRF:0
BRH:0
end_of_record
TN:
SF:src/routers/userRouter.ts
FNF:0
FNH:0
DA:7,1
DA:9,1
DA:14,1
LF:3
LH:3
BRF:0
BRH:0
end_of_record
TN:
SF:src/schemas/userSchema.ts
FNF:0
FNH:0
DA:4,1
DA:10,1
DA:15,1
LF:3
LH:3
BRF:0
BRH:0
end_of_record
TN:
SF:src/services/userServices.ts
FN:7,signUp
FN:16,signIn
FNF:2
FNH:2
FNDA:2,signUp
FNDA:3,signIn
DA:8,2
DA:9,2
DA:10,1
DA:12,1
DA:13,1
DA:17,3
DA:18,3
DA:20,2
DA:21,2
DA:23,1
DA:25,1
DA:28,2
LF:12
LH:12
BRDA:9,0,0,1
BRDA:18,1,0,1
BRDA:21,2,0,1
BRF:3
BRH:3
end_of_record
TN:
SF:src/utils/errorUtils.ts
FN:7,isAppError
FN:11,errorTypeToStatusCode
FN:19,conflictError
FN:23,notFoundError
FN:27,unauthorizedError
FN:31,wrongSchemaError
FNF:6
FNH:2
FNDA:0,isAppError
FNDA:0,errorTypeToStatusCode
FNDA:2,conflictError
FNDA:0,notFoundError
FNDA:4,unauthorizedError
FNDA:0,wrongSchemaError
DA:8,0
DA:12,0
DA:13,0
DA:14,0
DA:15,0
DA:16,0
DA:20,2
DA:24,0
DA:28,4
DA:32,0
LF:10
LH:2
BRDA:12,0,0,0
BRDA:13,1,0,0
BRDA:14,2,0,0
BRDA:15,3,0,0
BRDA:20,4,0,2
BRDA:20,4,1,0
BRDA:20,5,0,2
BRDA:20,5,1,2
BRDA:24,6,0,0
BRDA:24,6,1,0
BRDA:24,7,0,0
BRDA:24,7,1,0
BRDA:28,8,0,4
BRDA:28,8,1,0
BRDA:28,9,0,4
BRDA:28,9,1,4
BRDA:32,10,0,0
BRDA:32,10,1,0
BRDA:32,11,0,0
BRDA:32,11,1,0
BRF:20
BRH:6
end_of_record
TN:
SF:tests/factories/bodyFactory.ts
FN:4,userBodyFactory
FNF:1
FNH:1
FNDA:4,userBodyFactory
DA:5,4
LF:1
LH:1
BRF:0
BRH:0
end_of_record
TN:
SF:tests/factories/createUserFactory.ts
FN:5,createUserFactory
FNF:1
FNH:1
FNDA:1,createUserFactory
DA:6,1
DA:8,1
DA:11,1
DA:16,1
LF:4
LH:4
BRF:0
BRH:0
end_of_record
